2025-02-02 16:50:35,127 - INFO - 初始化监控器 - 检查间隔: 30秒
2025-02-02 16:50:35,127 - INFO - 监控关键词组: [['出', 'acck']]
2025-02-02 16:50:35,127 - INFO - 启动 Nodeseek 监控服务
2025-02-02 16:51:05,226 - INFO - 开始检查新帖子...
2025-02-02 16:51:06,422 - DEBUG - 获取到 52 个帖子标题
2025-02-02 16:51:06,422 - DEBUG - 检查帖子: 交易版块规定及中介索引
2025-02-02 16:51:06,422 - DEBUG - 检查帖子: NS 论坛防骗提示 & 骗子索引
2025-02-02 16:51:06,422 - DEBUG - 检查帖子: 「出」1100R出lala电信680年付套餐
2025-02-02 16:51:06,422 - DEBUG - 检查帖子: 出售ACCK HKLite-One(圣诞鹿完版) (0.18传家宝)
2025-02-02 16:51:06,422 - INFO - 找到匹配！关键词组: 出-acck, 标题: 出售ACCK HKLite-One(圣诞鹿完版) (0.18传家宝)
2025-02-02 16:51:06,422 - INFO - 发送通知: 发现匹配帖子！
匹配关键词组：出-acck
标题: 出售ACCK HKLite-One(圣诞鹿完版) (0.18传家宝)
链接: https://www.nodeseek.com/post-257409-1
2025-02-02 16:51:06,682 - DEBUG - 检查帖子: 收华为香港/新加坡老线路，个人号，几个月就行
2025-02-02 16:51:06,682 - DEBUG - 检查帖子: 【出】个小众的越南tothost ISP原生IP
2025-02-02 16:51:06,683 - DEBUG - 检查帖子: 【500出】bgp.gd 莞港iplc ct 169（剩余一个多月）
2025-02-02 16:51:06,683 - DEBUG - 检查帖子: 【出】520出 lala 电信 520 已换新机G口 iepl
2025-02-02 16:51:06,683 - DEBUG - 检查帖子: 【牛爷爷の炒机】18.88带原油出一个LEGENDVPS sg 0.8$ 落地机
2025-02-02 16:51:06,683 - DEBUG - 检查帖子: 收 溢价110r 收yvxm HK 老3刀
2025-02-02 16:51:06,683 - DEBUG - 检查帖子: 108元包push出刚买MK云专线3TB流量
2025-02-02 16:51:06,683 - DEBUG - 检查帖子: [出] 剩余价值+150出 BestVM JPBGP 预售 ¥168
2025-02-02 16:51:06,683 - DEBUG - 检查帖子: 小红卡7.25收16u
2025-02-02 16:51:06,684 - DEBUG - 检查帖子: 收cmhk-nat 8.88款
2025-02-02 16:51:06,684 - DEBUG - 检查帖子: 已出，180出个甲骨文圣何塞满配
2025-02-02 16:51:06,684 - DEBUG - 检查帖子: yxvm还是比isif更香一些，收个便宜的hk vol 3$
2025-02-02 16:51:06,684 - DEBUG - 检查帖子: 出tg账号，和小鸡
2025-02-02 16:51:06,684 - DEBUG - 检查帖子: 出售【尼日利亚手机号】 esim
2025-02-02 16:51:06,684 - DEBUG - 检查帖子: 【出】139一个满天数的谷歌云GCP300🐔
2025-02-02 16:51:06,684 - DEBUG - 检查帖子: [出]130包push出claw hk 8.4 季付
2025-02-02 16:51:06,685 - DEBUG - 检查帖子: 【已出】出claw7刀内存翻倍 剩余价值 push自理
2025-02-02 16:51:06,685 - DEBUG - 检查帖子: 收个ks-le-b
2025-02-02 16:51:06,685 - DEBUG - 检查帖子: 出个2013年的tg老号
2025-02-02 16:51:06,685 - DEBUG - 检查帖子: 出claw hk 8.4
2025-02-02 16:51:06,685 - DEBUG - 检查帖子: 收mhyidc hk 盲盒
2025-02-02 16:51:06,685 - DEBUG - 检查帖子: [降价出]丽萨主机 新加坡原生IP 支持TikTok, Shopee运营，流媒体全解锁 全新IP段，ip纯净
2025-02-02 16:51:06,685 - DEBUG - 检查帖子: 「已出」剩余价值+push费出Bytevirt家jpp日本盲盒350g
2025-02-02 16:51:06,685 - DEBUG - 检查帖子: 明盘甩个到2034年到期的com
2025-02-02 16:51:06,685 - DEBUG - 检查帖子: 长期收aws 8v
2025-02-02 16:51:06,685 - DEBUG - 检查帖子: 【售罄】
2025-02-02 16:51:06,686 - DEBUG - 检查帖子: [出]甲骨文首尔，带原邮带4+24arm
2025-02-02 16:51:06,686 - DEBUG - 检查帖子: 【出】小红卡U/bybit余额
2025-02-02 16:51:06,686 - DEBUG - 检查帖子: 出bv jpp盲盒550g
2025-02-02 16:51:06,686 - DEBUG - 检查帖子: 收DMIT 29.9
2025-02-02 16:51:06,686 - DEBUG - 检查帖子: 25出一个出cmhk.io 14.99 ix
2025-02-02 16:51:06,686 - DEBUG - 检查帖子: [40收]Hong Kong Standard - BFTINY-月付$2.59款
2025-02-02 16:51:06,686 - DEBUG - 检查帖子: 收个绿云JP 1111 三年付 只要软银线路
2025-02-02 16:51:06,686 - DEBUG - 检查帖子: 1388包push 出个GGY 广港1520
2025-02-02 16:51:06,686 - DEBUG - 检查帖子: 38带原邮出bage Hong Kong Lite Servers - Hong Kong Lite - TINY 6.2刀季付小鸡
2025-02-02 16:51:06,686 - DEBUG - 检查帖子: 90RMB 出 natvps SG 三年付 15.77$
2025-02-02 16:51:06,686 - DEBUG - 检查帖子: 28收张GCP50 号也可以
2025-02-02 16:51:06,686 - DEBUG - 检查帖子: 出仓输入法pro的兑换码
2025-02-02 16:51:06,686 - DEBUG - 检查帖子: ccs 10刀年付
2025-02-02 16:51:06,686 - DEBUG - 检查帖子: 5折出三张有余额的虚拟卡
2025-02-02 16:51:06,687 - DEBUG - 检查帖子: 【收】剩余价值收 搬瓦工 DC6 PLAN $53 要原邮
2025-02-02 16:51:06,687 - DEBUG - 检查帖子: 550 收一台 alice 新年 lax 2c2g222ssd
2025-02-02 16:51:06,687 - DEBUG - 检查帖子: 这RFC过年是没人管吗？付费5天了，到期时间都消耗5天了，还没开通，工单也没人回。
2025-02-02 16:51:06,687 - DEBUG - 检查帖子: 7.3收Infini余额
2025-02-02 16:51:06,687 - DEBUG - 检查帖子: 小红卡出u，7.3
2025-02-02 16:51:06,687 - DEBUG - 检查帖子: 70收acck hkvv
2025-02-02 16:51:06,687 - DEBUG - 检查帖子: 明盘出极品3字母单词.pw
2025-02-02 16:51:06,687 - DEBUG - 检查帖子: 溢价40收一台vmiss英国 30cad/年
2025-02-02 16:51:36,778 - INFO - 开始检查新帖子...
2025-02-02 16:51:37,967 - DEBUG - 获取到 52 个帖子标题
2025-02-02 16:51:37,967 - DEBUG - 检查帖子: 交易版块规定及中介索引
2025-02-02 16:51:37,967 - DEBUG - 检查帖子: NS 论坛防骗提示 & 骗子索引
2025-02-02 16:51:37,967 - DEBUG - 检查帖子: 初五迎财神！低价出米 【明盘】
2025-02-02 16:51:37,967 - DEBUG - 检查帖子: 收台Netcup 美东1000（硬盘翻倍） ARM或者VPS
2025-02-02 16:51:37,967 - DEBUG - 检查帖子: 出bv jpp盲盒550g
2025-02-02 16:51:37,967 - DEBUG - 检查帖子: 「出」1100R出lala电信680年付套餐
2025-02-02 16:51:37,967 - DEBUG - 检查帖子: 【域名】新年新圈钱，出几个适合oneman的域名！
2025-02-02 16:51:37,967 - DEBUG - 检查帖子: 出售ACCK HKLite-One(圣诞鹿完版) (0.18传家宝)
2025-02-02 16:51:37,967 - DEBUG - 帖子已处理过，跳过: 出售ACCK HKLite-One(圣诞鹿完版) (0.18传家宝)
2025-02-02 16:51:37,967 - DEBUG - 检查帖子: 收华为香港/新加坡老线路，个人号，几个月就行
2025-02-02 16:51:37,967 - DEBUG - 检查帖子: 【出】个小众的越南tothost ISP原生IP
2025-02-02 16:51:37,967 - DEBUG - 检查帖子: 【500出】bgp.gd 莞港iplc ct 169（剩余一个多月）
2025-02-02 16:51:37,968 - DEBUG - 检查帖子: 【出】520出 lala 电信 520 已换新机G口 iepl
2025-02-02 16:51:37,968 - DEBUG - 检查帖子: 【牛爷爷の炒机】18.88带原油出一个LEGENDVPS sg 0.8$ 落地机
2025-02-02 16:51:37,968 - DEBUG - 检查帖子: 收 溢价110r 收yvxm HK 老3刀
2025-02-02 16:51:37,968 - DEBUG - 检查帖子: 108元包push出刚买MK云专线3TB流量
2025-02-02 16:51:37,968 - DEBUG - 检查帖子: [出] 剩余价值+150出 BestVM JPBGP 预售 ¥168
2025-02-02 16:51:37,968 - DEBUG - 检查帖子: 小红卡7.25收16u
2025-02-02 16:51:37,968 - DEBUG - 检查帖子: 收cmhk-nat 8.88款
2025-02-02 16:51:37,968 - DEBUG - 检查帖子: 已出，180出个甲骨文圣何塞满配
2025-02-02 16:51:37,968 - DEBUG - 检查帖子: yxvm还是比isif更香一些，收个便宜的hk vol 3$
2025-02-02 16:51:37,968 - DEBUG - 检查帖子: 出tg账号，和小鸡
2025-02-02 16:51:37,968 - DEBUG - 检查帖子: 出售【尼日利亚手机号】 esim
2025-02-02 16:51:37,968 - DEBUG - 检查帖子: 【出】139一个满天数的谷歌云GCP300🐔
2025-02-02 16:51:37,968 - DEBUG - 检查帖子: [出]130包push出claw hk 8.4 季付
2025-02-02 16:51:37,968 - DEBUG - 检查帖子: 【已出】出claw7刀内存翻倍 剩余价值 push自理
2025-02-02 16:51:37,968 - DEBUG - 检查帖子: 收个ks-le-b
2025-02-02 16:51:37,968 - DEBUG - 检查帖子: 出个2013年的tg老号
2025-02-02 16:51:37,968 - DEBUG - 检查帖子: 出claw hk 8.4
2025-02-02 16:51:37,968 - DEBUG - 检查帖子: 收mhyidc hk 盲盒
2025-02-02 16:51:37,968 - DEBUG - 检查帖子: [降价出]丽萨主机 新加坡原生IP 支持TikTok, Shopee运营，流媒体全解锁 全新IP段，ip纯净
2025-02-02 16:51:37,968 - DEBUG - 检查帖子: 「已出」剩余价值+push费出Bytevirt家jpp日本盲盒350g
2025-02-02 16:51:37,968 - DEBUG - 检查帖子: 明盘甩个到2034年到期的com
2025-02-02 16:51:37,968 - DEBUG - 检查帖子: 长期收aws 8v
2025-02-02 16:51:37,968 - DEBUG - 检查帖子: 【售罄】
2025-02-02 16:51:37,968 - DEBUG - 检查帖子: [出]甲骨文首尔，带原邮带4+24arm
2025-02-02 16:51:37,968 - DEBUG - 检查帖子: 【出】小红卡U/bybit余额
2025-02-02 16:51:37,968 - DEBUG - 检查帖子: 收DMIT 29.9
2025-02-02 16:51:37,968 - DEBUG - 检查帖子: 25出一个出cmhk.io 14.99 ix
2025-02-02 16:51:37,968 - DEBUG - 检查帖子: [40收]Hong Kong Standard - BFTINY-月付$2.59款
2025-02-02 16:51:37,968 - DEBUG - 检查帖子: 收个绿云JP 1111 三年付 只要软银线路
2025-02-02 16:51:37,968 - DEBUG - 检查帖子: 1388包push 出个GGY 广港1520
2025-02-02 16:51:37,968 - DEBUG - 检查帖子: 38带原邮出bage Hong Kong Lite Servers - Hong Kong Lite - TINY 6.2刀季付小鸡
2025-02-02 16:51:37,968 - DEBUG - 检查帖子: 90RMB 出 natvps SG 三年付 15.77$
2025-02-02 16:51:37,968 - DEBUG - 检查帖子: 28收张GCP50 号也可以
2025-02-02 16:51:37,968 - DEBUG - 检查帖子: 出仓输入法pro的兑换码
2025-02-02 16:51:37,968 - DEBUG - 检查帖子: ccs 10刀年付
2025-02-02 16:51:37,968 - DEBUG - 检查帖子: 5折出三张有余额的虚拟卡
2025-02-02 16:51:37,968 - DEBUG - 检查帖子: 【收】剩余价值收 搬瓦工 DC6 PLAN $53 要原邮
2025-02-02 16:51:37,968 - DEBUG - 检查帖子: 550 收一台 alice 新年 lax 2c2g222ssd
2025-02-02 16:51:37,968 - DEBUG - 检查帖子: 这RFC过年是没人管吗？付费5天了，到期时间都消耗5天了，还没开通，工单也没人回。
2025-02-02 16:51:37,968 - DEBUG - 检查帖子: 7.3收Infini余额
2025-02-02 16:51:37,968 - DEBUG - 检查帖子: 小红卡出u，7.3
2025-02-02 16:52:08,071 - INFO - 开始检查新帖子...
2025-02-02 16:52:09,310 - DEBUG - 获取到 52 个帖子标题
2025-02-02 16:52:09,310 - DEBUG - 检查帖子: 交易版块规定及中介索引
2025-02-02 16:52:09,310 - DEBUG - 检查帖子: NS 论坛防骗提示 & 骗子索引
2025-02-02 16:52:09,310 - DEBUG - 检查帖子: 初五迎财神！低价出米 【明盘】
2025-02-02 16:52:09,310 - DEBUG - 检查帖子: 收台Netcup 美东1000（硬盘翻倍） ARM或者VPS
2025-02-02 16:52:09,310 - DEBUG - 检查帖子: 出bv jpp盲盒550g
2025-02-02 16:52:09,310 - DEBUG - 检查帖子: 「出」1100R出lala电信680年付套餐
2025-02-02 16:52:09,310 - DEBUG - 检查帖子: 【域名】新年新圈钱，出几个适合oneman的域名！
2025-02-02 16:52:09,310 - DEBUG - 检查帖子: 出售ACCK HKLite-One(圣诞鹿完版) (0.18传家宝)
2025-02-02 16:52:09,310 - DEBUG - 帖子已处理过，跳过: 出售ACCK HKLite-One(圣诞鹿完版) (0.18传家宝)
2025-02-02 16:52:09,310 - DEBUG - 检查帖子: 收华为香港/新加坡老线路，个人号，几个月就行
2025-02-02 16:52:09,311 - DEBUG - 检查帖子: 【出】个小众的越南tothost ISP原生IP
2025-02-02 16:52:09,311 - DEBUG - 检查帖子: 【500出】bgp.gd 莞港iplc ct 169（剩余一个多月）
2025-02-02 16:52:09,311 - DEBUG - 检查帖子: 【出】520出 lala 电信 520 已换新机G口 iepl
2025-02-02 16:52:09,311 - DEBUG - 检查帖子: 【牛爷爷の炒机】18.88带原油出一个LEGENDVPS sg 0.8$ 落地机
2025-02-02 16:52:09,311 - DEBUG - 检查帖子: 收 溢价110r 收yvxm HK 老3刀
2025-02-02 16:52:09,311 - DEBUG - 检查帖子: 108元包push出刚买MK云专线3TB流量
2025-02-02 16:52:09,311 - DEBUG - 检查帖子: [出] 剩余价值+150出 BestVM JPBGP 预售 ¥168
2025-02-02 16:52:09,311 - DEBUG - 检查帖子: 小红卡7.25收16u
2025-02-02 16:52:09,311 - DEBUG - 检查帖子: 收cmhk-nat 8.88款
2025-02-02 16:52:09,311 - DEBUG - 检查帖子: 已出，180出个甲骨文圣何塞满配
2025-02-02 16:52:09,311 - DEBUG - 检查帖子: yxvm还是比isif更香一些，收个便宜的hk vol 3$
2025-02-02 16:52:09,311 - DEBUG - 检查帖子: 出tg账号，和小鸡
2025-02-02 16:52:09,311 - DEBUG - 检查帖子: 出售【尼日利亚手机号】 esim
2025-02-02 16:52:09,311 - DEBUG - 检查帖子: 【出】139一个满天数的谷歌云GCP300🐔
2025-02-02 16:52:09,311 - DEBUG - 检查帖子: [出]130包push出claw hk 8.4 季付
2025-02-02 16:52:09,311 - DEBUG - 检查帖子: 【已出】出claw7刀内存翻倍 剩余价值 push自理
2025-02-02 16:52:09,311 - DEBUG - 检查帖子: 收个ks-le-b
2025-02-02 16:52:09,311 - DEBUG - 检查帖子: 出个2013年的tg老号
2025-02-02 16:52:09,311 - DEBUG - 检查帖子: 出claw hk 8.4
2025-02-02 16:52:09,311 - DEBUG - 检查帖子: 收mhyidc hk 盲盒
2025-02-02 16:52:09,311 - DEBUG - 检查帖子: [降价出]丽萨主机 新加坡原生IP 支持TikTok, Shopee运营，流媒体全解锁 全新IP段，ip纯净
2025-02-02 16:52:09,311 - DEBUG - 检查帖子: 「已出」剩余价值+push费出Bytevirt家jpp日本盲盒350g
2025-02-02 16:52:09,311 - DEBUG - 检查帖子: 明盘甩个到2034年到期的com
2025-02-02 16:52:09,311 - DEBUG - 检查帖子: 长期收aws 8v
2025-02-02 16:52:09,311 - DEBUG - 检查帖子: 【售罄】
2025-02-02 16:52:09,311 - DEBUG - 检查帖子: [出]甲骨文首尔，带原邮带4+24arm
2025-02-02 16:52:09,311 - DEBUG - 检查帖子: 【出】小红卡U/bybit余额
2025-02-02 16:52:09,311 - DEBUG - 检查帖子: 收DMIT 29.9
2025-02-02 16:52:09,311 - DEBUG - 检查帖子: 25出一个出cmhk.io 14.99 ix
2025-02-02 16:52:09,311 - DEBUG - 检查帖子: [40收]Hong Kong Standard - BFTINY-月付$2.59款
2025-02-02 16:52:09,311 - DEBUG - 检查帖子: 收个绿云JP 1111 三年付 只要软银线路
2025-02-02 16:52:09,311 - DEBUG - 检查帖子: 1388包push 出个GGY 广港1520
2025-02-02 16:52:09,311 - DEBUG - 检查帖子: 38带原邮出bage Hong Kong Lite Servers - Hong Kong Lite - TINY 6.2刀季付小鸡
2025-02-02 16:52:09,311 - DEBUG - 检查帖子: 90RMB 出 natvps SG 三年付 15.77$
2025-02-02 16:52:09,311 - DEBUG - 检查帖子: 28收张GCP50 号也可以
2025-02-02 16:52:09,311 - DEBUG - 检查帖子: 出仓输入法pro的兑换码
2025-02-02 16:52:09,311 - DEBUG - 检查帖子: ccs 10刀年付
2025-02-02 16:52:09,311 - DEBUG - 检查帖子: 5折出三张有余额的虚拟卡
2025-02-02 16:52:09,311 - DEBUG - 检查帖子: 【收】剩余价值收 搬瓦工 DC6 PLAN $53 要原邮
2025-02-02 16:52:09,311 - DEBUG - 检查帖子: 550 收一台 alice 新年 lax 2c2g222ssd
2025-02-02 16:52:09,311 - DEBUG - 检查帖子: 这RFC过年是没人管吗？付费5天了，到期时间都消耗5天了，还没开通，工单也没人回。
2025-02-02 16:52:09,311 - DEBUG - 检查帖子: 7.3收Infini余额
2025-02-02 16:52:09,311 - DEBUG - 检查帖子: 小红卡出u，7.3
2025-02-02 16:52:39,420 - INFO - 开始检查新帖子...
2025-02-02 16:52:40,564 - DEBUG - 获取到 52 个帖子标题
2025-02-02 16:52:40,564 - DEBUG - 检查帖子: 交易版块规定及中介索引
2025-02-02 16:52:40,564 - DEBUG - 检查帖子: NS 论坛防骗提示 & 骗子索引
2025-02-02 16:52:40,564 - DEBUG - 检查帖子: 初五迎财神！低价出米 【明盘】
2025-02-02 16:52:40,564 - DEBUG - 检查帖子: 收台Netcup 美东1000（硬盘翻倍） ARM或者VPS
2025-02-02 16:52:40,564 - DEBUG - 检查帖子: 出bv jpp盲盒550g
2025-02-02 16:52:40,564 - DEBUG - 检查帖子: 「出」1100R出lala电信680年付套餐
2025-02-02 16:52:40,564 - DEBUG - 检查帖子: 【域名】新年新圈钱，出几个适合oneman的域名！
2025-02-02 16:52:40,564 - DEBUG - 检查帖子: 出售ACCK HKLite-One(圣诞鹿完版) (0.18传家宝)
2025-02-02 16:52:40,564 - DEBUG - 帖子已处理过，跳过: 出售ACCK HKLite-One(圣诞鹿完版) (0.18传家宝)
2025-02-02 16:52:40,564 - DEBUG - 检查帖子: 收华为香港/新加坡老线路，个人号，几个月就行
2025-02-02 16:52:40,564 - DEBUG - 检查帖子: 【出】个小众的越南tothost ISP原生IP
2025-02-02 16:52:40,564 - DEBUG - 检查帖子: 【500出】bgp.gd 莞港iplc ct 169（剩余一个多月）
2025-02-02 16:52:40,564 - DEBUG - 检查帖子: 【出】520出 lala 电信 520 已换新机G口 iepl
2025-02-02 16:52:40,564 - DEBUG - 检查帖子: 【牛爷爷の炒机】18.88带原油出一个LEGENDVPS sg 0.8$ 落地机
2025-02-02 16:52:40,565 - DEBUG - 检查帖子: 收 溢价110r 收yvxm HK 老3刀
2025-02-02 16:52:40,565 - DEBUG - 检查帖子: 108元包push出刚买MK云专线3TB流量
2025-02-02 16:52:40,565 - DEBUG - 检查帖子: [出] 剩余价值+150出 BestVM JPBGP 预售 ¥168
2025-02-02 16:52:40,565 - DEBUG - 检查帖子: 小红卡7.25收16u
2025-02-02 16:52:40,565 - DEBUG - 检查帖子: 收cmhk-nat 8.88款
2025-02-02 16:52:40,565 - DEBUG - 检查帖子: 已出，180出个甲骨文圣何塞满配
2025-02-02 16:52:40,565 - DEBUG - 检查帖子: yxvm还是比isif更香一些，收个便宜的hk vol 3$
2025-02-02 16:52:40,565 - DEBUG - 检查帖子: 出tg账号，和小鸡
2025-02-02 16:52:40,565 - DEBUG - 检查帖子: 出售【尼日利亚手机号】 esim
2025-02-02 16:52:40,565 - DEBUG - 检查帖子: 【出】139一个满天数的谷歌云GCP300🐔
2025-02-02 16:52:40,565 - DEBUG - 检查帖子: [出]130包push出claw hk 8.4 季付
2025-02-02 16:52:40,565 - DEBUG - 检查帖子: 【已出】出claw7刀内存翻倍 剩余价值 push自理
2025-02-02 16:52:40,565 - DEBUG - 检查帖子: 收个ks-le-b
2025-02-02 16:52:40,565 - DEBUG - 检查帖子: 出个2013年的tg老号
2025-02-02 16:52:40,565 - DEBUG - 检查帖子: 出claw hk 8.4
2025-02-02 16:52:40,565 - DEBUG - 检查帖子: 收mhyidc hk 盲盒
2025-02-02 16:52:40,565 - DEBUG - 检查帖子: [降价出]丽萨主机 新加坡原生IP 支持TikTok, Shopee运营，流媒体全解锁 全新IP段，ip纯净
2025-02-02 16:52:40,565 - DEBUG - 检查帖子: 「已出」剩余价值+push费出Bytevirt家jpp日本盲盒350g
2025-02-02 16:52:40,565 - DEBUG - 检查帖子: 明盘甩个到2034年到期的com
2025-02-02 16:52:40,565 - DEBUG - 检查帖子: 长期收aws 8v
2025-02-02 16:52:40,565 - DEBUG - 检查帖子: 【售罄】
2025-02-02 16:52:40,565 - DEBUG - 检查帖子: [出]甲骨文首尔，带原邮带4+24arm
2025-02-02 16:52:40,565 - DEBUG - 检查帖子: 【出】小红卡U/bybit余额
2025-02-02 16:52:40,565 - DEBUG - 检查帖子: 收DMIT 29.9
2025-02-02 16:52:40,565 - DEBUG - 检查帖子: 25出一个出cmhk.io 14.99 ix
2025-02-02 16:52:40,565 - DEBUG - 检查帖子: [40收]Hong Kong Standard - BFTINY-月付$2.59款
2025-02-02 16:52:40,565 - DEBUG - 检查帖子: 收个绿云JP 1111 三年付 只要软银线路
2025-02-02 16:52:40,565 - DEBUG - 检查帖子: 1388包push 出个GGY 广港1520
2025-02-02 16:52:40,565 - DEBUG - 检查帖子: 38带原邮出bage Hong Kong Lite Servers - Hong Kong Lite - TINY 6.2刀季付小鸡
2025-02-02 16:52:40,565 - DEBUG - 检查帖子: 90RMB 出 natvps SG 三年付 15.77$
2025-02-02 16:52:40,565 - DEBUG - 检查帖子: 28收张GCP50 号也可以
2025-02-02 16:52:40,565 - DEBUG - 检查帖子: 出仓输入法pro的兑换码
2025-02-02 16:52:40,565 - DEBUG - 检查帖子: ccs 10刀年付
2025-02-02 16:52:40,565 - DEBUG - 检查帖子: 5折出三张有余额的虚拟卡
2025-02-02 16:52:40,565 - DEBUG - 检查帖子: 【收】剩余价值收 搬瓦工 DC6 PLAN $53 要原邮
2025-02-02 16:52:40,565 - DEBUG - 检查帖子: 550 收一台 alice 新年 lax 2c2g222ssd
2025-02-02 16:52:40,565 - DEBUG - 检查帖子: 这RFC过年是没人管吗？付费5天了，到期时间都消耗5天了，还没开通，工单也没人回。
2025-02-02 16:52:40,565 - DEBUG - 检查帖子: 7.3收Infini余额
2025-02-02 16:52:40,565 - DEBUG - 检查帖子: 小红卡出u，7.3
2025-02-02 16:53:10,645 - INFO - 开始检查新帖子...
2025-02-02 16:53:11,864 - DEBUG - 获取到 52 个帖子标题
2025-02-02 16:53:11,864 - DEBUG - 检查帖子: 交易版块规定及中介索引
2025-02-02 16:53:11,864 - DEBUG - 检查帖子: NS 论坛防骗提示 & 骗子索引
2025-02-02 16:53:11,864 - DEBUG - 检查帖子: 「出」1100R出lala电信680年付套餐
2025-02-02 16:53:11,864 - DEBUG - 检查帖子: 初五迎财神！低价出米 【明盘】
2025-02-02 16:53:11,864 - DEBUG - 检查帖子: 收台Netcup 美东1000（硬盘翻倍） ARM或者VPS
2025-02-02 16:53:11,864 - DEBUG - 检查帖子: 出bv jpp盲盒550g
2025-02-02 16:53:11,864 - DEBUG - 检查帖子: 【域名】新年新圈钱，出几个适合oneman的域名！
2025-02-02 16:53:11,864 - DEBUG - 检查帖子: 出售ACCK HKLite-One(圣诞鹿完版) (0.18传家宝)
2025-02-02 16:53:11,864 - DEBUG - 帖子已处理过，跳过: 出售ACCK HKLite-One(圣诞鹿完版) (0.18传家宝)
2025-02-02 16:53:11,864 - DEBUG - 检查帖子: 收华为香港/新加坡老线路，个人号，几个月就行
2025-02-02 16:53:11,864 - DEBUG - 检查帖子: 【出】个小众的越南tothost ISP原生IP
2025-02-02 16:53:11,864 - DEBUG - 检查帖子: 【500出】bgp.gd 莞港iplc ct 169（剩余一个多月）
2025-02-02 16:53:11,864 - DEBUG - 检查帖子: 【出】520出 lala 电信 520 已换新机G口 iepl
2025-02-02 16:53:11,864 - DEBUG - 检查帖子: 【牛爷爷の炒机】18.88带原油出一个LEGENDVPS sg 0.8$ 落地机
2025-02-02 16:53:11,864 - DEBUG - 检查帖子: 收 溢价110r 收yvxm HK 老3刀
2025-02-02 16:53:11,864 - DEBUG - 检查帖子: 108元包push出刚买MK云专线3TB流量
2025-02-02 16:53:11,864 - DEBUG - 检查帖子: [出] 剩余价值+150出 BestVM JPBGP 预售 ¥168
2025-02-02 16:53:11,864 - DEBUG - 检查帖子: 小红卡7.25收16u
2025-02-02 16:53:11,864 - DEBUG - 检查帖子: 收cmhk-nat 8.88款
2025-02-02 16:53:11,864 - DEBUG - 检查帖子: 已出，180出个甲骨文圣何塞满配
2025-02-02 16:53:11,864 - DEBUG - 检查帖子: yxvm还是比isif更香一些，收个便宜的hk vol 3$
2025-02-02 16:53:11,864 - DEBUG - 检查帖子: 出tg账号，和小鸡
2025-02-02 16:53:11,864 - DEBUG - 检查帖子: 出售【尼日利亚手机号】 esim
2025-02-02 16:53:11,864 - DEBUG - 检查帖子: 【出】139一个满天数的谷歌云GCP300🐔
2025-02-02 16:53:11,864 - DEBUG - 检查帖子: [出]130包push出claw hk 8.4 季付
2025-02-02 16:53:11,864 - DEBUG - 检查帖子: 【已出】出claw7刀内存翻倍 剩余价值 push自理
2025-02-02 16:53:11,864 - DEBUG - 检查帖子: 收个ks-le-b
2025-02-02 16:53:11,864 - DEBUG - 检查帖子: 出个2013年的tg老号
2025-02-02 16:53:11,864 - DEBUG - 检查帖子: 出claw hk 8.4
2025-02-02 16:53:11,864 - DEBUG - 检查帖子: 收mhyidc hk 盲盒
2025-02-02 16:53:11,865 - DEBUG - 检查帖子: [降价出]丽萨主机 新加坡原生IP 支持TikTok, Shopee运营，流媒体全解锁 全新IP段，ip纯净
2025-02-02 16:53:11,865 - DEBUG - 检查帖子: 「已出」剩余价值+push费出Bytevirt家jpp日本盲盒350g
2025-02-02 16:53:11,865 - DEBUG - 检查帖子: 明盘甩个到2034年到期的com
2025-02-02 16:53:11,865 - DEBUG - 检查帖子: 长期收aws 8v
2025-02-02 16:53:11,865 - DEBUG - 检查帖子: 【售罄】
2025-02-02 16:53:11,865 - DEBUG - 检查帖子: [出]甲骨文首尔，带原邮带4+24arm
2025-02-02 16:53:11,865 - DEBUG - 检查帖子: 【出】小红卡U/bybit余额
2025-02-02 16:53:11,865 - DEBUG - 检查帖子: 收DMIT 29.9
2025-02-02 16:53:11,865 - DEBUG - 检查帖子: 25出一个出cmhk.io 14.99 ix
2025-02-02 16:53:11,865 - DEBUG - 检查帖子: [40收]Hong Kong Standard - BFTINY-月付$2.59款
2025-02-02 16:53:11,865 - DEBUG - 检查帖子: 收个绿云JP 1111 三年付 只要软银线路
2025-02-02 16:53:11,865 - DEBUG - 检查帖子: 1388包push 出个GGY 广港1520
2025-02-02 16:53:11,865 - DEBUG - 检查帖子: 38带原邮出bage Hong Kong Lite Servers - Hong Kong Lite - TINY 6.2刀季付小鸡
2025-02-02 16:53:11,865 - DEBUG - 检查帖子: 90RMB 出 natvps SG 三年付 15.77$
2025-02-02 16:53:11,865 - DEBUG - 检查帖子: 28收张GCP50 号也可以
2025-02-02 16:53:11,865 - DEBUG - 检查帖子: 出仓输入法pro的兑换码
2025-02-02 16:53:11,865 - DEBUG - 检查帖子: ccs 10刀年付
2025-02-02 16:53:11,865 - DEBUG - 检查帖子: 5折出三张有余额的虚拟卡
2025-02-02 16:53:11,865 - DEBUG - 检查帖子: 【收】剩余价值收 搬瓦工 DC6 PLAN $53 要原邮
2025-02-02 16:53:11,865 - DEBUG - 检查帖子: 550 收一台 alice 新年 lax 2c2g222ssd
2025-02-02 16:53:11,865 - DEBUG - 检查帖子: 这RFC过年是没人管吗？付费5天了，到期时间都消耗5天了，还没开通，工单也没人回。
2025-02-02 16:53:11,865 - DEBUG - 检查帖子: 7.3收Infini余额
2025-02-02 16:53:11,865 - DEBUG - 检查帖子: 小红卡出u，7.3
2025-02-02 16:53:41,959 - INFO - 开始检查新帖子...
2025-02-02 16:53:45,215 - DEBUG - 获取到 52 个帖子标题
2025-02-02 16:53:45,215 - DEBUG - 检查帖子: 交易版块规定及中介索引
2025-02-02 16:53:45,215 - DEBUG - 检查帖子: NS 论坛防骗提示 & 骗子索引
2025-02-02 16:53:45,215 - DEBUG - 检查帖子: 「出」1100R出lala电信680年付套餐
2025-02-02 16:53:45,215 - DEBUG - 检查帖子: 初五迎财神！低价出米 【明盘】
2025-02-02 16:53:45,215 - DEBUG - 检查帖子: 收台Netcup 美东1000（硬盘翻倍） ARM或者VPS
2025-02-02 16:53:45,215 - DEBUG - 检查帖子: 出bv jpp盲盒550g
2025-02-02 16:53:45,215 - DEBUG - 检查帖子: 【域名】新年新圈钱，出几个适合oneman的域名！
2025-02-02 16:53:45,215 - DEBUG - 检查帖子: 出售ACCK HKLite-One(圣诞鹿完版) (0.18传家宝)
2025-02-02 16:53:45,215 - DEBUG - 帖子已处理过，跳过: 出售ACCK HKLite-One(圣诞鹿完版) (0.18传家宝)
2025-02-02 16:53:45,215 - DEBUG - 检查帖子: 收华为香港/新加坡老线路，个人号，几个月就行
2025-02-02 16:53:45,215 - DEBUG - 检查帖子: 【出】个小众的越南tothost ISP原生IP
2025-02-02 16:53:45,215 - DEBUG - 检查帖子: 【500出】bgp.gd 莞港iplc ct 169（剩余一个多月）
2025-02-02 16:53:45,215 - DEBUG - 检查帖子: 【出】520出 lala 电信 520 已换新机G口 iepl
2025-02-02 16:53:45,215 - DEBUG - 检查帖子: 【牛爷爷の炒机】18.88带原油出一个LEGENDVPS sg 0.8$ 落地机
2025-02-02 16:53:45,216 - DEBUG - 检查帖子: 收 溢价110r 收yvxm HK 老3刀
2025-02-02 16:53:45,216 - DEBUG - 检查帖子: 108元包push出刚买MK云专线3TB流量
2025-02-02 16:53:45,216 - DEBUG - 检查帖子: [出] 剩余价值+150出 BestVM JPBGP 预售 ¥168
2025-02-02 16:53:45,216 - DEBUG - 检查帖子: 小红卡7.25收16u
2025-02-02 16:53:45,216 - DEBUG - 检查帖子: 收cmhk-nat 8.88款
2025-02-02 16:53:45,216 - DEBUG - 检查帖子: 已出，180出个甲骨文圣何塞满配
2025-02-02 16:53:45,216 - DEBUG - 检查帖子: yxvm还是比isif更香一些，收个便宜的hk vol 3$
2025-02-02 16:53:45,216 - DEBUG - 检查帖子: 出tg账号，和小鸡
2025-02-02 16:53:45,216 - DEBUG - 检查帖子: 出售【尼日利亚手机号】 esim
2025-02-02 16:53:45,216 - DEBUG - 检查帖子: 【出】139一个满天数的谷歌云GCP300🐔
2025-02-02 16:53:45,216 - DEBUG - 检查帖子: [出]130包push出claw hk 8.4 季付
2025-02-02 16:53:45,216 - DEBUG - 检查帖子: 【已出】出claw7刀内存翻倍 剩余价值 push自理
2025-02-02 16:53:45,216 - DEBUG - 检查帖子: 收个ks-le-b
2025-02-02 16:53:45,216 - DEBUG - 检查帖子: 出个2013年的tg老号
2025-02-02 16:53:45,216 - DEBUG - 检查帖子: 出claw hk 8.4
2025-02-02 16:53:45,216 - DEBUG - 检查帖子: 收mhyidc hk 盲盒
2025-02-02 16:53:45,216 - DEBUG - 检查帖子: [降价出]丽萨主机 新加坡原生IP 支持TikTok, Shopee运营，流媒体全解锁 全新IP段，ip纯净
2025-02-02 16:53:45,216 - DEBUG - 检查帖子: 「已出」剩余价值+push费出Bytevirt家jpp日本盲盒350g
2025-02-02 16:53:45,216 - DEBUG - 检查帖子: 明盘甩个到2034年到期的com
2025-02-02 16:53:45,216 - DEBUG - 检查帖子: 长期收aws 8v
2025-02-02 16:53:45,216 - DEBUG - 检查帖子: 【售罄】
2025-02-02 16:53:45,216 - DEBUG - 检查帖子: [出]甲骨文首尔，带原邮带4+24arm
2025-02-02 16:53:45,216 - DEBUG - 检查帖子: 【出】小红卡U/bybit余额
2025-02-02 16:53:45,216 - DEBUG - 检查帖子: 收DMIT 29.9
2025-02-02 16:53:45,216 - DEBUG - 检查帖子: 25出一个出cmhk.io 14.99 ix
2025-02-02 16:53:45,216 - DEBUG - 检查帖子: [40收]Hong Kong Standard - BFTINY-月付$2.59款
2025-02-02 16:53:45,216 - DEBUG - 检查帖子: 收个绿云JP 1111 三年付 只要软银线路
2025-02-02 16:53:45,216 - DEBUG - 检查帖子: 1388包push 出个GGY 广港1520
2025-02-02 16:53:45,216 - DEBUG - 检查帖子: 38带原邮出bage Hong Kong Lite Servers - Hong Kong Lite - TINY 6.2刀季付小鸡
2025-02-02 16:53:45,216 - DEBUG - 检查帖子: 90RMB 出 natvps SG 三年付 15.77$
2025-02-02 16:53:45,216 - DEBUG - 检查帖子: 28收张GCP50 号也可以
2025-02-02 16:53:45,216 - DEBUG - 检查帖子: 出仓输入法pro的兑换码
2025-02-02 16:53:45,216 - DEBUG - 检查帖子: ccs 10刀年付
2025-02-02 16:53:45,216 - DEBUG - 检查帖子: 5折出三张有余额的虚拟卡
2025-02-02 16:53:45,216 - DEBUG - 检查帖子: 【收】剩余价值收 搬瓦工 DC6 PLAN $53 要原邮
2025-02-02 16:53:45,216 - DEBUG - 检查帖子: 550 收一台 alice 新年 lax 2c2g222ssd
2025-02-02 16:53:45,216 - DEBUG - 检查帖子: 这RFC过年是没人管吗？付费5天了，到期时间都消耗5天了，还没开通，工单也没人回。
2025-02-02 16:53:45,216 - DEBUG - 检查帖子: 7.3收Infini余额
2025-02-02 16:53:45,216 - DEBUG - 检查帖子: 小红卡出u，7.3
2025-02-02 16:54:15,322 - INFO - 开始检查新帖子...
2025-02-02 16:54:16,542 - DEBUG - 获取到 52 个帖子标题
2025-02-02 16:54:16,542 - DEBUG - 检查帖子: 交易版块规定及中介索引
2025-02-02 16:54:16,542 - DEBUG - 检查帖子: NS 论坛防骗提示 & 骗子索引
2025-02-02 16:54:16,542 - DEBUG - 检查帖子: 【收】acck 1.11和0.19 明盘
2025-02-02 16:54:16,542 - DEBUG - 检查帖子: 【出】预出 lala 电信880
2025-02-02 16:54:16,542 - DEBUG - 检查帖子: 「出」1100R出lala电信680年付套餐
2025-02-02 16:54:16,542 - DEBUG - 检查帖子: 初五迎财神！低价出米 【明盘】
2025-02-02 16:54:16,542 - DEBUG - 检查帖子: 收台Netcup 美东1000（硬盘翻倍） ARM或者VPS
2025-02-02 16:54:16,542 - DEBUG - 检查帖子: 出bv jpp盲盒550g
2025-02-02 16:54:16,542 - DEBUG - 检查帖子: 【域名】新年新圈钱，出几个适合oneman的域名！
2025-02-02 16:54:16,542 - DEBUG - 检查帖子: 100出个zlidc韩国 26.9  20250806到期
2025-02-02 16:54:16,542 - DEBUG - 检查帖子: 出售ACCK HKLite-One(圣诞鹿完版) (0.18传家宝)
2025-02-02 16:54:16,542 - DEBUG - 帖子已处理过，跳过: 出售ACCK HKLite-One(圣诞鹿完版) (0.18传家宝)
2025-02-02 16:54:16,542 - DEBUG - 检查帖子: 收华为香港/新加坡老线路，个人号，几个月就行
2025-02-02 16:54:16,542 - DEBUG - 检查帖子: 【出】个小众的越南tothost ISP原生IP
2025-02-02 16:54:16,542 - DEBUG - 检查帖子: 【500出】bgp.gd 莞港iplc ct 169（剩余一个多月）
2025-02-02 16:54:16,542 - DEBUG - 检查帖子: 【出】520出 lala 电信 520 已换新机G口 iepl
2025-02-02 16:54:16,542 - DEBUG - 检查帖子: 【牛爷爷の炒机】18.88带原油出一个LEGENDVPS sg 0.8$ 落地机
2025-02-02 16:54:16,542 - DEBUG - 检查帖子: 收 溢价110r 收yvxm HK 老3刀
2025-02-02 16:54:16,542 - DEBUG - 检查帖子: 108元包push出刚买MK云专线3TB流量
2025-02-02 16:54:16,542 - DEBUG - 检查帖子: [出] 剩余价值+150出 BestVM JPBGP 预售 ¥168
2025-02-02 16:54:16,543 - DEBUG - 检查帖子: 小红卡7.25收16u
2025-02-02 16:54:16,543 - DEBUG - 检查帖子: 收cmhk-nat 8.88款
2025-02-02 16:54:16,543 - DEBUG - 检查帖子: 已出，180出个甲骨文圣何塞满配
2025-02-02 16:54:16,543 - DEBUG - 检查帖子: yxvm还是比isif更香一些，收个便宜的hk vol 3$
2025-02-02 16:54:16,543 - DEBUG - 检查帖子: 出tg账号，和小鸡
2025-02-02 16:54:16,543 - DEBUG - 检查帖子: 出售【尼日利亚手机号】 esim
2025-02-02 16:54:16,543 - DEBUG - 检查帖子: 【出】139一个满天数的谷歌云GCP300🐔
2025-02-02 16:54:16,543 - DEBUG - 检查帖子: [出]130包push出claw hk 8.4 季付
2025-02-02 16:54:16,543 - DEBUG - 检查帖子: 【已出】出claw7刀内存翻倍 剩余价值 push自理
2025-02-02 16:54:16,543 - DEBUG - 检查帖子: 收个ks-le-b
2025-02-02 16:54:16,543 - DEBUG - 检查帖子: 出个2013年的tg老号
2025-02-02 16:54:16,543 - DEBUG - 检查帖子: 出claw hk 8.4
2025-02-02 16:54:16,543 - DEBUG - 检查帖子: 收mhyidc hk 盲盒
2025-02-02 16:54:16,543 - DEBUG - 检查帖子: [降价出]丽萨主机 新加坡原生IP 支持TikTok, Shopee运营，流媒体全解锁 全新IP段，ip纯净
2025-02-02 16:54:16,543 - DEBUG - 检查帖子: 「已出」剩余价值+push费出Bytevirt家jpp日本盲盒350g
2025-02-02 16:54:16,543 - DEBUG - 检查帖子: 明盘甩个到2034年到期的com
2025-02-02 16:54:16,543 - DEBUG - 检查帖子: 长期收aws 8v
2025-02-02 16:54:16,543 - DEBUG - 检查帖子: 【售罄】
2025-02-02 16:54:16,543 - DEBUG - 检查帖子: [出]甲骨文首尔，带原邮带4+24arm
2025-02-02 16:54:16,543 - DEBUG - 检查帖子: 【出】小红卡U/bybit余额
2025-02-02 16:54:16,543 - DEBUG - 检查帖子: 收DMIT 29.9
2025-02-02 16:54:16,543 - DEBUG - 检查帖子: 25出一个出cmhk.io 14.99 ix
2025-02-02 16:54:16,543 - DEBUG - 检查帖子: [40收]Hong Kong Standard - BFTINY-月付$2.59款
2025-02-02 16:54:16,543 - DEBUG - 检查帖子: 收个绿云JP 1111 三年付 只要软银线路
2025-02-02 16:54:16,543 - DEBUG - 检查帖子: 1388包push 出个GGY 广港1520
2025-02-02 16:54:16,543 - DEBUG - 检查帖子: 38带原邮出bage Hong Kong Lite Servers - Hong Kong Lite - TINY 6.2刀季付小鸡
2025-02-02 16:54:16,543 - DEBUG - 检查帖子: 90RMB 出 natvps SG 三年付 15.77$
2025-02-02 16:54:16,543 - DEBUG - 检查帖子: 28收张GCP50 号也可以
2025-02-02 16:54:16,543 - DEBUG - 检查帖子: 出仓输入法pro的兑换码
2025-02-02 16:54:16,543 - DEBUG - 检查帖子: ccs 10刀年付
2025-02-02 16:54:16,543 - DEBUG - 检查帖子: 5折出三张有余额的虚拟卡
2025-02-02 16:54:16,543 - DEBUG - 检查帖子: 【收】剩余价值收 搬瓦工 DC6 PLAN $53 要原邮
2025-02-02 16:54:16,543 - DEBUG - 检查帖子: 550 收一台 alice 新年 lax 2c2g222ssd
